2019-06-22 21:23:54 [WARN]-[org.springframework.beans.factory.xml.XmlBeanDefinitionReader] Ignored XML validation warning
  org.xml.sax.SAXParseException; lineNumber: 10; columnNumber: 33; schema_reference.4: 无法读取方案文档 'http://www.springframework.org/schema/context/spring-context-xsd', 原因为 1) 无法找到文档; 2) 无法读取文档; 3) 文档的根元素不是 <xsd:schema>。
	at com.sun.org.apache.xerces.internal.util.ErrorHandlerWrapper.createSAXParseException(ErrorHandlerWrapper.java:203)
	at com.sun.org.apache.xerces.internal.util.ErrorHandlerWrapper.warning(ErrorHandlerWrapper.java:99)
	at com.sun.org.apache.xerces.internal.impl.XMLErrorReporter.reportError(XMLErrorReporter.java:392)
	at com.sun.org.apache.xerces.internal.impl.XMLErrorReporter.reportError(XMLErrorReporter.java:306)
	at com.sun.org.apache.xerces.internal.impl.xs.traversers.XSDHandler.reportSchemaErr(XSDHandler.java:4160)
	at com.sun.org.apache.xerces.internal.impl.xs.traversers.XSDHandler.reportSchemaWarning(XSDHandler.java:4151)
	at com.sun.org.apache.xerces.internal.impl.xs.traversers.XSDHandler.getSchemaDocument1(XSDHandler.java:2493)
	at com.sun.org.apache.xerces.internal.impl.xs.traversers.XSDHandler.getSchemaDocument(XSDHandler.java:2191)
	at com.sun.org.apache.xerces.internal.impl.xs.traversers.XSDHandler.parseSchema(XSDHandler.java:576)
	at com.sun.org.apache.xerces.internal.impl.xs.XMLSchemaLoader.loadSchema(XMLSchemaLoader.java:613)
	at com.sun.org.apache.xerces.internal.impl.xs.XMLSchemaValidator.findSchemaGrammar(XMLSchemaValidator.java:2446)
	at com.sun.org.apache.xerces.internal.impl.xs.XMLSchemaValidator.handleStartElement(XMLSchemaValidator.java:1767)
	at com.sun.org.apache.xerces.internal.impl.xs.XMLSchemaValidator.emptyElement(XMLSchemaValidator.java:760)
	at com.sun.org.apache.xerces.internal.impl.XMLNSDocumentScannerImpl.scanStartElement(XMLNSDocumentScannerImpl.java:351)
	at com.sun.org.apache.xerces.internal.impl.XMLDocumentFragmentScannerImpl$FragmentContentDriver.next(XMLDocumentFragmentScannerImpl.java:2784)
	at com.sun.org.apache.xerces.internal.impl.XMLDocumentScannerImpl.next(XMLDocumentScannerImpl.java:602)
	at com.sun.org.apache.xerces.internal.impl.XMLNSDocumentScannerImpl.next(XMLNSDocumentScannerImpl.java:112)
	at com.sun.org.apache.xerces.internal.impl.XMLDocumentFragmentScannerImpl.scanDocument(XMLDocumentFragmentScannerImpl.java:505)
	at com.sun.org.apache.xerces.internal.parsers.XML11Configuration.parse(XML11Configuration.java:841)
	at com.sun.org.apache.xerces.internal.parsers.XML11Configuration.parse(XML11Configuration.java:770)
	at com.sun.org.apache.xerces.internal.parsers.XMLParser.parse(XMLParser.java:141)
	at com.sun.org.apache.xerces.internal.parsers.DOMParser.parse(DOMParser.java:243)
	at com.sun.org.apache.xerces.internal.jaxp.DocumentBuilderImpl.parse(DocumentBuilderImpl.java:339)
	at org.springframework.beans.factory.xml.DefaultDocumentLoader.loadDocument(DefaultDocumentLoader.java:77)
	at org.springframework.beans.factory.xml.XmlBeanDefinitionReader.doLoadDocument(XmlBeanDefinitionReader.java:434)
	at org.springframework.beans.factory.xml.XmlBeanDefinitionReader.doLoadBeanDefinitions(XmlBeanDefinitionReader.java:392)
	at org.springframework.beans.factory.xml.XmlBeanDefinitionReader.loadBeanDefinitions(XmlBeanDefinitionReader.java:336)
	at org.springframework.beans.factory.xml.XmlBeanDefinitionReader.loadBeanDefinitions(XmlBeanDefinitionReader.java:304)
	at org.springframework.beans.factory.support.AbstractBeanDefinitionReader.loadBeanDefinitions(AbstractBeanDefinitionReader.java:188)
	at org.springframework.beans.factory.support.AbstractBeanDefinitionReader.loadBeanDefinitions(AbstractBeanDefinitionReader.java:224)
	at org.springframework.beans.factory.support.AbstractBeanDefinitionReader.loadBeanDefinitions(AbstractBeanDefinitionReader.java:195)
	at org.springframework.beans.factory.support.AbstractBeanDefinitionReader.loadBeanDefinitions(AbstractBeanDefinitionReader.java:257)
	at org.springframework.context.support.AbstractXmlApplicationContext.loadBeanDefinitions(AbstractXmlApplicationContext.java:128)
	at org.springframework.context.support.AbstractXmlApplicationContext.loadBeanDefinitions(AbstractXmlApplicationContext.java:94)
	at org.springframework.context.support.AbstractRefreshableApplicationContext.refreshBeanFactory(AbstractRefreshableApplicationContext.java:133)
	at org.springframework.context.support.AbstractApplicationContext.obtainFreshBeanFactory(AbstractApplicationContext.java:622)
	at org.springframework.context.support.AbstractApplicationContext.refresh(AbstractApplicationContext.java:518)
	at org.springframework.context.support.ClassPathXmlApplicationContext.<init>(ClassPathXmlApplicationContext.java:144)
	at org.springframework.context.support.ClassPathXmlApplicationContext.<init>(ClassPathXmlApplicationContext.java:85)
	at com.zth.Main.main(Main.java:13)
Caused by: java.io.FileNotFoundException: http://www.springframework.org/schema/context/spring-context-xsd
	at sun.net.www.protocol.http.HttpURLConnection.getInputStream0(HttpURLConnection.java:1890)
	at sun.net.www.protocol.http.HttpURLConnection.getInputStream(HttpURLConnection.java:1492)
	at com.sun.org.apache.xerces.internal.impl.XMLEntityManager.setupCurrentEntity(XMLEntityManager.java:647)
	at com.sun.org.apache.xerces.internal.impl.XMLVersionDetector.determineDocVersion(XMLVersionDetector.java:148)
	at com.sun.org.apache.xerces.internal.impl.xs.opti.SchemaParsingConfig.parse(SchemaParsingConfig.java:582)
	at com.sun.org.apache.xerces.internal.impl.xs.opti.SchemaParsingConfig.parse(SchemaParsingConfig.java:685)
	at com.sun.org.apache.xerces.internal.impl.xs.opti.SchemaDOMParser.parse(SchemaDOMParser.java:530)
	at com.sun.org.apache.xerces.internal.impl.xs.traversers.XSDHandler.getSchemaDocument(XSDHandler.java:2179)
	... 32 more
